05:34:05 **** Incremental Build of configuration Nios II for project DE2_115_SD_Card_Audio_Player ****
make all 
Info: Building ../DE2_115_SD_Card_Audio_Player_bsp/
D:/altera/15.0/nios2eds/bin/gnu/H-x86_64-mingw32/bin/make --no-print-directory -C ../DE2_115_SD_Card_Audio_Player_bsp/
[BSP build complete]
Info: Compiling main.c to obj/default/main.o
nios2-elf-gcc -xc -MP -MMD -c -I../DE2_115_SD_Card_Audio_Player_bsp//HAL/inc -I../DE2_115_SD_Card_Audio_Player_bsp/ -I../DE2_115_SD_Card_Audio_Player_bsp//drivers/inc  -pipe -D__hal__ -DALT_NO_INSTRUCTION_EMULATION -DALT_SINGLE_THREADED    -O0 -g -Wall   -mno-hw-div -mhw-mul -mno-hw-mulx  -o obj/default/main.o main.c
main.c: In function 'lcd_open':
main.c:205:5: warning: implicit declaration of function 'LCD_Open' [-Wimplicit-function-declaration]
     LCD_Open();
     ^
main.c: In function 'lcd_display':
main.c:211:5: warning: implicit declaration of function 'LCD_Clear' [-Wimplicit-function-declaration]
     LCD_Clear();
     ^
main.c:212:5: warning: implicit declaration of function 'LCD_TextOut' [-Wimplicit-function-declaration]
     LCD_TextOut(pText);
     ^
main.c: In function 'build_wave_play_list':
main.c:302:11: warning: pointer targets in assignment differ in signedness [-Wpointer-sign]
    pData8 = FileContext.szName;
           ^
main.c:381:19: warning: pointer targets in passing argument 1 of 'Wave_GetSampleRate' differ in signedness [-Wpointer-sign]
    sample_rate =  Wave_GetSampleRate(szHeader, sizeof(szHeader));
                   ^
In file included from main.c:37:0:
.\terasic_lib\WaveLib.h:12:5: note: expected 'char *' but argument is of type 'alt_u8 *'
 int Wave_GetSampleRate(char *szWave, const int nSize);
     ^
main.c:382:8: warning: pointer targets in passing argument 1 of 'WAVE_IsWaveFile' differ in signedness [-Wpointer-sign]
    if (WAVE_IsWaveFile(szHeader, sizeof(szHeader)) &&
        ^
In file included from main.c:37:0:
.\terasic_lib\WaveLib.h:11:6: note: expected 'char *' but argument is of type 'alt_u8 *'
 bool WAVE_IsWaveFile(char *szWave, const int nSize);
      ^
main.c:384:5: warning: pointer targets in passing argument 1 of 'Wave_GetChannelNum' differ in signedness [-Wpointer-sign]
     Wave_GetChannelNum(szHeader, sizeof(szHeader))==2 &&
     ^
In file included from main.c:37:0:
.\terasic_lib\WaveLib.h:13:5: note: expected 'char *' but argument is of type 'alt_u8 *'
 int Wave_GetChannelNum(char *szWave, const int nSize);
     ^
main.c:385:5: warning: pointer targets in passing argument 1 of 'Wave_GetSampleBitNum' differ in signedness [-Wpointer-sign]
     Wave_GetSampleBitNum(szHeader, sizeof(szHeader))==16){
     ^
In file included from main.c:37:0:
.\terasic_lib\WaveLib.h:14:5: note: expected 'char *' but argument is of type 'alt_u8 *'
 int Wave_GetSampleBitNum(char *szWave, const int nSize);
     ^
main.c: In function 'waveplay_start':
main.c:504:32: warning: pointer targets in passing argument 1 of 'Wave_GetSampleRate' differ in signedness [-Wpointer-sign]
             int sample_rate =  Wave_GetSampleRate(gWavePlay.szBuf, WAVE_BUF_SIZE);
                                ^
In file included from main.c:37:0:
.\terasic_lib\WaveLib.h:12:5: note: expected 'char *' but argument is of type 'alt_u8 *'
 int Wave_GetSampleRate(char *szWave, const int nSize);
     ^
main.c:505:17: warning: pointer targets in passing argument 1 of 'WAVE_IsWaveFile' differ in signedness [-Wpointer-sign]
             if (WAVE_IsWaveFile(gWavePlay.szBuf, WAVE_BUF_SIZE) &&
                 ^
In file included from main.c:37:0:
.\terasic_lib\WaveLib.h:11:6: note: expected 'char *' but argument is of type 'alt_u8 *'
 bool WAVE_IsWaveFile(char *szWave, const int nSize);
      ^
main.c:507:17: warning: pointer targets in passing argument 1 of 'Wave_GetChannelNum' differ in signedness [-Wpointer-sign]
                 Wave_GetChannelNum(gWavePlay.szBuf, WAVE_BUF_SIZE)==2 &&
                 ^
In file included from main.c:37:0:
.\terasic_lib\WaveLib.h:13:5: note: expected 'char *' but argument is of type 'alt_u8 *'
 int Wave_GetChannelNum(char *szWave, const int nSize);
     ^
main.c:508:17: warning: pointer targets in passing argument 1 of 'Wave_GetSampleBitNum' differ in signedness [-Wpointer-sign]
                 Wave_GetSampleBitNum(gWavePlay.szBuf, WAVE_BUF_SIZE)==16){
                 ^
In file included from main.c:37:0:
.\terasic_lib\WaveLib.h:14:5: note: expected 'char *' but argument is of type 'alt_u8 *'
 int Wave_GetSampleBitNum(char *szWave, const int nSize);
     ^
main.c:510:42: warning: pointer targets in passing argument 1 of 'Wave_GetWaveOffset' differ in signedness [-Wpointer-sign]
                 gWavePlay.uWavePlayPos = Wave_GetWaveOffset(gWavePlay.szBuf, WAVE_BUF_SIZE);
                                          ^
In file included from main.c:37:0:
.\terasic_lib\WaveLib.h:16:5: note: expected 'char *' but argument is of type 'alt_u8 *'
 int Wave_GetWaveOffset(char *szWave, const int nSize);
     ^
main.c:511:70: warning: pointer targets in passing argument 1 of 'Wave_GetDataByteSize' differ in signedness [-Wpointer-sign]
                 gWavePlay.uWaveMaxPlayPos = gWavePlay.uWavePlayPos + Wave_GetDataByteSize(gWavePlay.szBuf, WAVE_BUF_SIZE);
                                                                      ^
In file included from main.c:37:0:
.\terasic_lib\WaveLib.h:15:5: note: expected 'char *' but argument is of type 'alt_u8 *'
 int Wave_GetDataByteSize(char *szWave, const int nSize);
     ^
main.c:514:17: warning: format '%x' expects argument of type 'unsigned int', but argument 2 has type 'alt_u32' [-Wformat=]
                 DEMO_PRINTF("gWavePlay.uWavePlayPos:%x\n",gWavePlay.uWavePlayPos);
                 ^
main.c:514:17: warning: format '%x' expects argument of type 'unsigned int', but argument 2 has type 'alt_u32' [-Wformat=]
main.c:515:17: warning: format '%x' expects argument of type 'unsigned int', but argument 2 has type 'alt_u32' [-Wformat=]
                 DEMO_PRINTF("gWavePlay.uWaveMaxPlayPos:%x\n",gWavePlay.uWaveMaxPlayPos);
                 ^
main.c:515:17: warning: format '%x' expects argument of type 'unsigned int', but argument 2 has type 'alt_u32' [-Wformat=]
main.c:516:17: warning: format '%x' expects argument of type 'unsigned int', but argument 2 has type 'alt_u32' [-Wformat=]
                 DEMO_PRINTF("gWavePlay.uWaveReadPos:%x\n",gWavePlay.uWaveReadPos);
                 ^
main.c:516:17: warning: format '%x' expects argument of type 'unsigned int', but argument 2 has type 'alt_u32' [-Wformat=]
main.c:560:23: warning: pointer targets in passing argument 1 of 'Wave_GetSampleRate' differ in signedness [-Wpointer-sign]
    int sample_rate =  Wave_GetSampleRate(gWavePlay_vocal.szBuf, WAVE_BUF_SIZE);
                       ^
In file included from main.c:37:0:
.\terasic_lib\WaveLib.h:12:5: note: expected 'char *' but argument is of type 'alt_u8 *'
 int Wave_GetSampleRate(char *szWave, const int nSize);
     ^
main.c:561:8: warning: pointer targets in passing argument 1 of 'WAVE_IsWaveFile' differ in signedness [-Wpointer-sign]
    if (WAVE_IsWaveFile(gWavePlay_vocal.szBuf, WAVE_BUF_SIZE) &&
        ^
In file included from main.c:37:0:
.\terasic_lib\WaveLib.h:11:6: note: expected 'char *' but argument is of type 'alt_u8 *'
 bool WAVE_IsWaveFile(char *szWave, const int nSize);
      ^
main.c:563:5: warning: pointer targets in passing argument 1 of 'Wave_GetChannelNum' differ in signedness [-Wpointer-sign]
     Wave_GetChannelNum(gWavePlay_vocal.szBuf, WAVE_BUF_SIZE)==2 &&
     ^
In file included from main.c:37:0:
.\terasic_lib\WaveLib.h:13:5: note: expected 'char *' but argument is of type 'alt_u8 *'
 int Wave_GetChannelNum(char *szWave, const int nSize);
     ^
main.c:564:5: warning: pointer targets in passing argument 1 of 'Wave_GetSampleBitNum' differ in signedness [-Wpointer-sign]
     Wave_GetSampleBitNum(gWavePlay_vocal.szBuf, WAVE_BUF_SIZE)==16){
     ^
In file included from main.c:37:0:
.\terasic_lib\WaveLib.h:14:5: note: expected 'char *' but argument is of type 'alt_u8 *'
 int Wave_GetSampleBitNum(char *szWave, const int nSize);
     ^
main.c:566:36: warning: pointer targets in passing argument 1 of 'Wave_GetWaveOffset' differ in signedness [-Wpointer-sign]
     gWavePlay_vocal.uWavePlayPos = Wave_GetWaveOffset(gWavePlay_vocal.szBuf, WAVE_BUF_SIZE);
                                    ^
In file included from main.c:37:0:
.\terasic_lib\WaveLib.h:16:5: note: expected 'char *' but argument is of type 'alt_u8 *'
 int Wave_GetWaveOffset(char *szWave, const int nSize);
     ^
main.c:567:70: warning: pointer targets in passing argument 1 of 'Wave_GetDataByteSize' differ in signedness [-Wpointer-sign]
     gWavePlay_vocal.uWaveMaxPlayPos = gWavePlay_vocal.uWavePlayPos + Wave_GetDataByteSize(gWavePlay_vocal.szBuf, WAVE_BUF_SIZE);
                                                                      ^
In file included from main.c:37:0:
.\terasic_lib\WaveLib.h:15:5: note: expected 'char *' but argument is of type 'alt_u8 *'
 int Wave_GetDataByteSize(char *szWave, const int nSize);
     ^
main.c:570:5: warning: format '%x' expects argument of type 'unsigned int', but argument 2 has type 'alt_u32' [-Wformat=]
     DEMO_PRINTF("(vocal)gWavePlay.uWavePlayPos:%x\n",gWavePlay_vocal.uWavePlayPos);
     ^
main.c:570:5: warning: format '%x' expects argument of type 'unsigned int', but argument 2 has type 'alt_u32' [-Wformat=]
main.c:571:5: warning: format '%x' expects argument of type 'unsigned int', but argument 2 has type 'alt_u32' [-Wformat=]
     DEMO_PRINTF("(vocal)gWavePlay.uWaveMaxPlayPos:%x\n",gWavePlay_vocal.uWaveMaxPlayPos);
     ^
main.c:571:5: warning: format '%x' expects argument of type 'unsigned int', but argument 2 has type 'alt_u32' [-Wformat=]
main.c:572:5: warning: format '%x' expects argument of type 'unsigned int', but argument 2 has type 'alt_u32' [-Wformat=]
     DEMO_PRINTF("(vocal)gWavePlay.uWaveReadPos:%x\n",gWavePlay_vocal.uWaveReadPos);
     ^
main.c:572:5: warning: format '%x' expects argument of type 'unsigned int', but argument 2 has type 'alt_u32' [-Wformat=]
main.c:484:9: warning: variable 'nSize' set but not used [-Wunused-but-set-variable]
     int nSize;
         ^
main.c: In function 'waveplay_change_mode':
main.c:587:30: warning: pointer targets in passing argument 1 of 'Wave_GetWaveOffset' differ in signedness [-Wpointer-sign]
     alt_u32 tempwaveoffset = Wave_GetWaveOffset(gWavePlay.szBuf, WAVE_BUF_SIZE);
                              ^
In file included from main.c:37:0:
.\terasic_lib\WaveLib.h:16:5: note: expected 'char *' but argument is of type 'alt_u8 *'
 int Wave_GetWaveOffset(char *szWave, const int nSize);
     ^
main.c:607:32: warning: pointer targets in passing argument 1 of 'Wave_GetSampleRate' differ in signedness [-Wpointer-sign]
             int sample_rate =  Wave_GetSampleRate(gWavePlay.szBuf, WAVE_BUF_SIZE);
                                ^
In file included from main.c:37:0:
.\terasic_lib\WaveLib.h:12:5: note: expected 'char *' but argument is of type 'alt_u8 *'
 int Wave_GetSampleRate(char *szWave, const int nSize);
     ^
main.c:608:17: warning: pointer targets in passing argument 1 of 'WAVE_IsWaveFile' differ in signedness [-Wpointer-sign]
             if (WAVE_IsWaveFile(gWavePlay.szBuf, WAVE_BUF_SIZE) &&
                 ^
In file included from main.c:37:0:
.\terasic_lib\WaveLib.h:11:6: note: expected 'char *' but argument is of type 'alt_u8 *'
 bool WAVE_IsWaveFile(char *szWave, const int nSize);
      ^
main.c:610:17: warning: pointer targets in passing argument 1 of 'Wave_GetChannelNum' differ in signedness [-Wpointer-sign]
                 Wave_GetChannelNum(gWavePlay.szBuf, WAVE_BUF_SIZE)==2 &&
                 ^
In file included from main.c:37:0:
.\terasic_lib\WaveLib.h:13:5: note: expected 'char *' but argument is of type 'alt_u8 *'
 int Wave_GetChannelNum(char *szWave, const int nSize);
     ^
main.c:611:17: warning: pointer targets in passing argument 1 of 'Wave_GetSampleBitNum' differ in signedness [-Wpointer-sign]
                 Wave_GetSampleBitNum(gWavePlay.szBuf, WAVE_BUF_SIZE)==16){
                 ^
In file included from main.c:37:0:
.\terasic_lib\WaveLib.h:14:5: note: expected 'char *' but argument is of type 'alt_u8 *'
 int Wave_GetSampleBitNum(char *szWave, const int nSize);
     ^
main.c:615:70: warning: pointer targets in passing argument 1 of 'Wave_GetDataByteSize' differ in signedness [-Wpointer-sign]
                 gWavePlay.uWaveMaxPlayPos = gWavePlay.uWavePlayPos + Wave_GetDataByteSize(gWavePlay.szBuf, WAVE_BUF_SIZE);
                                                                      ^
In file included from main.c:37:0:
.\terasic_lib\WaveLib.h:15:5: note: expected 'char *' but argument is of type 'alt_u8 *'
 int Wave_GetDataByteSize(char *szWave, const int nSize);
     ^
main.c:587:13: warning: unused variable 'tempwaveoffset' [-Wunused-variable]
     alt_u32 tempwaveoffset = Wave_GetWaveOffset(gWavePlay.szBuf, WAVE_BUF_SIZE);
             ^
main.c:586:9: warning: variable 'nSize' set but not used [-Wunused-but-set-variable]
     int nSize;
         ^
main.c: In function 'waveplay_execute':
main.c:767:15: warning: unused variable 'mask_percent' [-Wunused-variable]
        alt_32 mask_percent = 0x000003FF << 6;
               ^
main.c:766:15: warning: unused variable 'mask_score' [-Wunused-variable]
        alt_32 mask_score = 0x0000FFFF << 16;
               ^
main.c:755:11: warning: unused variable 'ch_mic' [-Wunused-variable]
       int ch_mic = (ch_left_mic << 16)+ch_right_mic;
           ^
main.c:754:11: warning: unused variable 'ch_vocal' [-Wunused-variable]
       int ch_vocal = (ch_left_vocal << 16)+ch_right_vocal;
           ^
main.c: In function 'IRDA_init':
main.c:972:5: warning: implicit declaration of function 'alt_irq_register' [-Wimplicit-function-declaration]
     alt_irq_register(TERASIC_IRDA_0_IRQ,0,handle_IrDA);            //irda irq register
     ^
main.c: In function 'Fat_Test':
main.c:1093:24: warning: pointer targets in assignment differ in signedness [-Wpointer-sign]
                 pData8 = FileContext.szName;
                        ^
main.c: In function 'main':
main.c:1227:14: warning: pointer targets in passing argument 1 of 'strcpy' differ in signedness [-Wpointer-sign]
              strcpy(szWaveFile, gWavePlayList_bgm.szFilename[nPlayIndex]);
              ^
In file included from d:\altera\15.0\nios2eds\bin\gnu\h-x86_64-mingw32\nios2-elf\include\stdio.h:29:0,
                 from .\terasic_lib\terasic_includes.h:36,
                 from main.c:33:
d:\altera\15.0\nios2eds\bin\gnu\h-x86_64-mingw32\nios2-elf\include\string.h:31:8: note: expected 'char *' but argument is of type 'alt_u8 *'
 char  *_EXFUN(strcpy,(char *, const char *));
        ^
main.c:1229:14: warning: pointer targets in passing argument 1 of 'strcpy' differ in signedness [-Wpointer-sign]
              strcpy(szWaveFile, gWavePlayList.szFilename[nPlayIndex]);
              ^
In file included from d:\altera\15.0\nios2eds\bin\gnu\h-x86_64-mingw32\nios2-elf\include\stdio.h:29:0,
                 from .\terasic_lib\terasic_includes.h:36,
                 from main.c:33:
d:\altera\15.0\nios2eds\bin\gnu\h-x86_64-mingw32\nios2-elf\include\string.h:31:8: note: expected 'char *' but argument is of type 'alt_u8 *'
 char  *_EXFUN(strcpy,(char *, const char *));
        ^
main.c:1231:13: warning: pointer targets in passing argument 1 of 'strcpy' differ in signedness [-Wpointer-sign]
             strcpy(szWaveFile_vocal, gWavePlayList_vocal.szFilename[nPlayIndex]);
             ^
In file included from d:\altera\15.0\nios2eds\bin\gnu\h-x86_64-mingw32\nios2-elf\include\stdio.h:29:0,
                 from .\terasic_lib\terasic_includes.h:36,
                 from main.c:33:
d:\altera\15.0\nios2eds\bin\gnu\h-x86_64-mingw32\nios2-elf\include\string.h:31:8: note: expected 'char *' but argument is of type 'alt_u8 *'
 char  *_EXFUN(strcpy,(char *, const char *));
        ^
main.c:1233:18: warning: pointer targets in passing argument 1 of 'waveplay_start' differ in signedness [-Wpointer-sign]
             if (!waveplay_start(szWaveFile, szWaveFile_vocal)){
                  ^
main.c:482:6: note: expected 'char *' but argument is of type 'alt_u8 *'
 bool waveplay_start(char *pFilename, char *pFilename_vocal){
      ^
main.c:1233:18: warning: pointer targets in passing argument 2 of 'waveplay_start' differ in signedness [-Wpointer-sign]
             if (!waveplay_start(szWaveFile, szWaveFile_vocal)){
                  ^
main.c:482:6: note: expected 'char *' but argument is of type 'alt_u8 *'
 bool waveplay_start(char *pFilename, char *pFilename_vocal){
      ^
main.c: At top level:
main.c:140:12: warning: 'scorer_counter_total' defined but not used [-Wunused-variable]
 static int scorer_counter_total = 0;
            ^
main.c: In function 'Fat_Test':
main.c:1119:27: warning: 'nReadSize' may be used uninitialized in this function [-Wmaybe-uninitialized]
             if (nReadSize > sizeof(szRead))
                           ^
Info: Linking DE2_115_SD_Card_Audio_Player.elf
nios2-elf-g++  -T'../DE2_115_SD_Card_Audio_Player_bsp//linker.x' -msys-crt0='../DE2_115_SD_Card_Audio_Player_bsp//obj/HAL/src/crt0.o' -msys-lib=hal_bsp -L../DE2_115_SD_Card_Audio_Player_bsp/   -Wl,-Map=DE2_115_SD_Card_Audio_Player.map   -O0 -g -Wall   -mno-hw-div -mhw-mul -mno-hw-mulx  -o DE2_115_SD_Card_Audio_Player.elf obj/default/main.o obj/default/terasic_fat/FatFileSystem.o obj/default/terasic_fat/FatInternal.o obj/default/terasic_lib/AUDIO.o obj/default/terasic_lib/I2C.o obj/default/terasic_lib/LCD.o obj/default/terasic_lib/LED.o obj/default/terasic_lib/SEG7.o obj/default/terasic_lib/WaveLib.o obj/default/terasic_lib/debug.o obj/default/terasic_sdcard/crc16.o obj/default/terasic_sdcard/crc7.o obj/default/terasic_sdcard/sd_hal.o obj/default/terasic_sdcard/sd_lib.o obj/default/terasic_sdcard/sd_protocol.o -lm -msys-lib=m
nios2-elf-insert DE2_115_SD_Card_Audio_Player.elf --thread_model hal --cpu_name cpu --qsys true --simulation_enabled false --id 0 --sidp 0x160 --timestamp 1578932190 --stderr_dev jtag_uart --stdin_dev jtag_uart --stdout_dev jtag_uart --sopc_system_name DE2_115_SOPC --quartus_project_dir "C:/Users/ray94/Desktop/DE2_115_demonstrations/DE2_115_SD_Card_Audio_Player" --jdi C:/Users/ray94/Desktop/DE2_115_demonstrations/DE2_115_SD_Card_Audio_Player/Software/DE2_115_SD_Card_Audio_Player_bsp/../../DE2_115_SD_Card_Audio_Player.jdi --sopcinfo C:/Users/ray94/Desktop/DE2_115_demonstrations/DE2_115_SD_Card_Audio_Player/Software/DE2_115_SD_Card_Audio_Player_bsp/../../DE2_115_SOPC.sopcinfo
Info: (DE2_115_SD_Card_Audio_Player.elf) 161 KBytes program size (code + initialized data).
Info:                                    87 KBytes free for stack + heap.
Info: Creating DE2_115_SD_Card_Audio_Player.objdump
nios2-elf-objdump --disassemble --syms --all-header --source DE2_115_SD_Card_Audio_Player.elf >DE2_115_SD_Card_Audio_Player.objdump
[DE2_115_SD_Card_Audio_Player build complete]

05:34:07 Build Finished (took 2s.481ms)

