Flow report for DE2_115_SD_Card_Audio_Player
Wed Jan 15 03:35:39 2020
Quartus II 64-Bit Version 15.0.0 Build 145 04/22/2015 SJ Full Version


---------------------
; Table of Contents ;
---------------------
  1. Legal Notice
  2. Flow Summary
  3. Flow Settings
  4. Flow Non-Default Global Settings
  5. Flow Elapsed Time
  6. Flow OS Summary
  7. Flow Log
  8. Flow Messages
  9. Flow Suppressed Messages



----------------
; Legal Notice ;
----------------
Copyright (C) 1991-2015 Altera Corporation. All rights reserved.
Your use of Altera Corporation's design tools, logic functions 
and other software and tools, and its AMPP partner logic 
functions, and any output files from any of the foregoing 
(including device programming or simulation files), and any 
associated documentation or information are expressly subject 
to the terms and conditions of the Altera Program License 
Subscription Agreement, the Altera Quartus II License Agreement,
the Altera MegaCore Function License Agreement, or other 
applicable license agreement, including, without limitation, 
that your use is for the sole purpose of programming logic 
devices manufactured by Altera and sold by Altera or its 
authorized distributors.  Please refer to the applicable 
agreement for further details.



+----------------------------------------------------------------------------------+
; Flow Summary                                                                     ;
+------------------------------------+---------------------------------------------+
; Flow Status                        ; Successful - Wed Jan 15 03:35:24 2020       ;
; Quartus II 64-Bit Version          ; 15.0.0 Build 145 04/22/2015 SJ Full Version ;
; Revision Name                      ; DE2_115_SD_Card_Audio_Player                ;
; Top-level Entity Name              ; DE2_115_SD_Card_Audio_Player                ;
; Family                             ; Cyclone IV E                                ;
; Device                             ; EP4CE115F29C7                               ;
; Timing Models                      ; Final                                       ;
; Total logic elements               ; 9,474 / 114,480 ( 8 % )                     ;
;     Total combinational functions  ; 8,152 / 114,480 ( 7 % )                     ;
;     Dedicated logic registers      ; 5,336 / 114,480 ( 5 % )                     ;
; Total registers                    ; 5336                                        ;
; Total pins                         ; 518 / 529 ( 98 % )                          ;
; Total virtual pins                 ; 0                                           ;
; Total memory bits                  ; 2,186,144 / 3,981,312 ( 55 % )              ;
; Embedded Multiplier 9-bit elements ; 6 / 532 ( 1 % )                             ;
; Total PLLs                         ; 2 / 4 ( 50 % )                              ;
+------------------------------------+---------------------------------------------+


+--------------------------------------------------+
; Flow Settings                                    ;
+-------------------+------------------------------+
; Option            ; Setting                      ;
+-------------------+------------------------------+
; Start date & time ; 01/15/2020 03:31:01          ;
; Main task         ; Compilation                  ;
; Revision Name     ; DE2_115_SD_Card_Audio_Player ;
+-------------------+------------------------------+


+--------------------------------------------------------------------------------------------------------------------------------------------------+
; Flow Non-Default Global Settings                                                                                                                 ;
+-------------------------------------+----------------------------------------------------------------+---------------+--------------+------------+
; Assignment Name                     ; Value                                                          ; Default Value ; Entity Name  ; Section Id ;
+-------------------------------------+----------------------------------------------------------------+---------------+--------------+------------+
; COMPILER_SIGNATURE_ID               ; 168202113528344.157903026024392                                ; --            ; --           ; --         ;
; MAX_CORE_JUNCTION_TEMP              ; 85                                                             ; --            ; --           ; --         ;
; MIN_CORE_JUNCTION_TEMP              ; 0                                                              ; --            ; --           ; --         ;
; MISC_FILE                           ; DE2_115_SOPC/synthesis/../DE2_115_SOPC.cmp                     ; --            ; --           ; --         ;
; MISC_FILE                           ; DE2_115_SOPC/synthesis/../../DE2_115_SOPC.qsys                 ; --            ; --           ; --         ;
; MISC_FILE                           ; DE2_115_SD_Card_Audio_Player.dpf                               ; --            ; --           ; --         ;
; NOMINAL_CORE_SUPPLY_VOLTAGE         ; 1.2V                                                           ; --            ; --           ; --         ;
; NUM_PARALLEL_PROCESSORS             ; 2                                                              ; --            ; --           ; --         ;
; PARTITION_COLOR                     ; 16764057                                                       ; --            ; --           ; Top        ;
; PARTITION_FITTER_PRESERVATION_LEVEL ; PLACEMENT_AND_ROUTING                                          ; --            ; --           ; Top        ;
; PARTITION_NETLIST_TYPE              ; SOURCE                                                         ; --            ; --           ; Top        ;
; POWER_BOARD_THERMAL_MODEL           ; None (CONSERVATIVE)                                            ; --            ; --           ; --         ;
; POWER_PRESET_COOLING_SOLUTION       ; 23 MM HEAT SINK WITH 200 LFPM AIRFLOW                          ; --            ; --           ; --         ;
; SLD_FILE                            ; DE2_115_SOPC/synthesis/DE2_115_SOPC.regmap                     ; --            ; --           ; --         ;
; SLD_FILE                            ; DE2_115_SOPC/synthesis/DE2_115_SOPC.debuginfo                  ; --            ; --           ; --         ;
; SLD_INFO                            ; QSYS_NAME DE2_115_SOPC HAS_SOPCINFO 1 GENERATION_ID 1578932190 ; --            ; DE2_115_SOPC ; --         ;
; SMART_RECOMPILE                     ; On                                                             ; Off           ; --           ; --         ;
; SOPCINFO_FILE                       ; DE2_115_SOPC/synthesis/../../DE2_115_SOPC.sopcinfo             ; --            ; --           ; --         ;
; SYNTHESIS_ONLY_QIP                  ; On                                                             ; --            ; --           ; --         ;
+-------------------------------------+----------------------------------------------------------------+---------------+--------------+------------+


+-------------------------------------------------------------------------------------------------------------------------------+
; Flow Elapsed Time                                                                                                             ;
+---------------------------+--------------+-------------------------+---------------------+------------------------------------+
; Module Name               ; Elapsed Time ; Average Processors Used ; Peak Virtual Memory ; Total CPU Time (on all processors) ;
+---------------------------+--------------+-------------------------+---------------------+------------------------------------+
; Analysis & Synthesis      ; 00:02:05     ; 1.0                     ; 5505 MB             ; 00:02:00                           ;
; Fitter                    ; 00:01:44     ; 1.4                     ; 5760 MB             ; 00:02:07                           ;
; Assembler                 ; 00:00:06     ; 1.0                     ; 4854 MB             ; 00:00:05                           ;
; TimeQuest Timing Analyzer ; 00:00:13     ; 1.3                     ; 5134 MB             ; 00:00:12                           ;
; Total                     ; 00:04:08     ; --                      ; --                  ; 00:04:24                           ;
+---------------------------+--------------+-------------------------+---------------------+------------------------------------+


+----------------------------------------------------------------------------------------+
; Flow OS Summary                                                                        ;
+---------------------------+------------------+-----------+------------+----------------+
; Module Name               ; Machine Hostname ; OS Name   ; OS Version ; Processor type ;
+---------------------------+------------------+-----------+------------+----------------+
; Analysis & Synthesis      ; LAPTOP-PS3B1QC0  ; Windows 7 ; 6.2        ; x86_64         ;
; Fitter                    ; LAPTOP-PS3B1QC0  ; Windows 7 ; 6.2        ; x86_64         ;
; Assembler                 ; LAPTOP-PS3B1QC0  ; Windows 7 ; 6.2        ; x86_64         ;
; TimeQuest Timing Analyzer ; LAPTOP-PS3B1QC0  ; Windows 7 ; 6.2        ; x86_64         ;
+---------------------------+------------------+-----------+------------+----------------+


------------
; Flow Log ;
------------
quartus_map --read_settings_files=on --write_settings_files=off DE2_115_SD_Card_Audio_Player -c DE2_115_SD_Card_Audio_Player
quartus_fit --read_settings_files=off --write_settings_files=off DE2_115_SD_Card_Audio_Player -c DE2_115_SD_Card_Audio_Player
quartus_asm --read_settings_files=off --write_settings_files=off DE2_115_SD_Card_Audio_Player -c DE2_115_SD_Card_Audio_Player
quartus_sta DE2_115_SD_Card_Audio_Player -c DE2_115_SD_Card_Audio_Player



